21/07/25 16:42:47 INFO tests.TestCareers: test setup
21/07/25 16:42:47 INFO tests.TestCareers: Begin registration test
21/07/25 16:42:50 INFO tests.TestCareers: Test finish
21/07/25 16:42:56 INFO tests.TestSanityBuyGiftMyself: Begin Search gift - buyGift
21/07/25 16:42:59 INFO tests.TestSanityBuyGiftMyself: Validate if more than 0 result appears
21/07/25 16:43:11 ERROR pages.BasePage: Could not click on the element
21/07/25 16:43:24 INFO pages.BasePage: The element is NOT exist
21/07/25 16:43:34 ERROR pages.BasePage: Could not click on the element
21/07/25 16:43:44 ERROR pages.BasePage: Could not click on the element
21/07/25 16:43:54 INFO tests.TestBuyAndSendGift: Begin Search gift valid test - buyGift
21/07/25 16:43:57 INFO tests.TestBuyAndSendGift: Validate if the gift is voucher send amount and continue
21/07/25 16:44:07 INFO pages.BasePage: The gift is NOT voucher
21/07/25 16:44:10 INFO tests.TestBuyAndSendGift: Validate if the texts appears
21/07/25 16:44:11 INFO pages.BasePage: Validate if the second text appears
21/07/25 16:44:11 INFO tests.TestBuyAndSendGift: Insert free text and continue
21/07/25 16:44:11 INFO tests.TestBuyAndSendGift: Validate if error massage appears
21/07/25 16:44:12 INFO tests.TestBuyAndSendGift: Pick how to send gift
21/07/25 16:44:13 INFO tests.TestBuyAndSendGift: Validate if the amount is correct
21/07/25 16:44:21 INFO tests.TestRegistration: Begin Registration test
21/07/25 16:44:24 INFO tests.TestRegistration: Begin first invalid test - insert exist user detail
21/07/25 16:44:25 INFO tests.TestRegistration: Validate error massage appear
21/07/25 16:44:35 INFO pages.BasePage: The element is NOT exist
21/07/25 16:44:35 INFO tests.TestRegistration: Begin second invalid test - continue without all details
21/07/25 16:44:37 INFO tests.TestRegistration: Validate that error massage display on the screen
21/07/25 16:44:47 INFO pages.BasePage: The element is NOT exist
21/07/25 16:44:53 INFO tests.TestSearchGiftInvalid: Begin Search gift invalid test - searchFieldNotMatchToCategory
21/07/25 16:45:04 INFO tests.TestSearchGiftInvalid: Validate result Page
21/07/25 16:45:08 INFO tests.TestSearchGiftInvalid: Begin Search gift invalid test - insertInvalidName
21/07/25 16:45:14 INFO tests.TestSearchGiftInvalid: Validate result Page
21/07/25 16:45:27 INFO tests.TestSearchGiftInvalid: Begin Search gift invalid test - freeTextFieldInvalid
21/07/25 16:46:04 INFO tests.TestSearchGiftInvalid: Validate result Page
21/07/25 16:48:25 INFO tests.TestBuyAndSendGift: Begin Search gift valid test - buyGift
21/07/25 16:48:28 INFO tests.TestBuyAndSendGift: Validate if the gift is voucher send amount and continue
21/07/25 16:48:38 INFO pages.BasePage: The gift is NOT voucher
21/07/25 16:48:42 INFO tests.TestBuyAndSendGift: Validate if the texts appears
21/07/25 16:48:42 INFO pages.BasePage: Validate if the second text appears
21/07/25 16:48:42 INFO tests.TestBuyAndSendGift: Insert free text and continue
21/07/25 16:48:43 INFO tests.TestBuyAndSendGift: Validate if error massage appears
21/07/25 16:48:43 INFO tests.TestBuyAndSendGift: Pick how to send gift
21/07/25 16:48:44 INFO tests.TestBuyAndSendGift: Validate if the amount is correct
21/07/25 16:49:20 INFO tests.TestBuyAndSendGift: Begin Search gift valid test - buyGift
21/07/25 16:49:24 INFO tests.TestBuyAndSendGift: Validate if the gift is voucher send amount and continue
21/07/25 16:49:34 INFO pages.BasePage: The gift is NOT voucher
21/07/25 16:49:37 INFO tests.TestBuyAndSendGift: Validate if the texts appears
21/07/25 16:49:38 INFO pages.BasePage: Validate if the second text appears
21/07/25 16:49:38 INFO tests.TestBuyAndSendGift: Insert free text and continue
21/07/25 16:49:38 INFO tests.TestBuyAndSendGift: Validate if error massage appears
21/07/25 16:49:39 INFO tests.TestBuyAndSendGift: Pick how to send gift
21/07/25 16:49:40 INFO tests.TestBuyAndSendGift: Validate if the amount is correct
21/07/25 16:54:19 ERROR pages.BasePage: Could not click on the element
21/07/25 16:54:19 INFO pages.BasePage: Validate if can finish the purchase without click on read and agree
21/07/25 16:54:29 ERROR pages.BasePage: The error massage is NOT appears
